0 info it worked if it ends with ok
1 verbose cli [ '/usr/local/Cellar/node/5.2.0/bin/node',
1 verbose cli   '/usr/local/bin/npm',
1 verbose cli   'run',
1 verbose cli   'sass' ]
2 info using npm@2.14.7
3 info using node@v5.2.0
4 verbose run-script [ 'presass', 'sass', 'postsass' ]
5 info presass set@1.0.0
6 info sass set@1.0.0
7 verbose unsafe-perm in lifecycle true
8 info set@1.0.0 Failed to exec sass script
9 verbose stack Error: set@1.0.0 sass: `sass --watch sass/style.scss:css/style.css`
9 verbose stack spawn ENOENT
9 verbose stack     at ChildProcess.<anonymous> (/usr/local/lib/node_modules/npm/lib/utils/spawn.js:17:16)
9 verbose stack     at emitTwo (events.js:88:13)
9 verbose stack     at ChildProcess.emit (events.js:173:7)
9 verbose stack     at maybeClose (internal/child_process.js:819:16)
9 verbose stack     at Process.ChildProcess._handle.onexit (internal/child_process.js:212:5)
10 verbose pkgid set@1.0.0
11 verbose cwd /Users/zacrosenbauer/workspacePhalcon/vagrant/www/suitsVSgeeks
12 error Darwin 15.2.0
13 error argv "/usr/local/Cellar/node/5.2.0/bin/node" "/usr/local/bin/npm" "run" "sass"
14 error node v5.2.0
15 error npm  v2.14.7
16 error file sh
17 error code ELIFECYCLE
18 error errno ENOENT
19 error syscall spawn
20 error set@1.0.0 sass: `sass --watch sass/style.scss:css/style.css`
20 error spawn ENOENT
21 error Failed at the set@1.0.0 sass script 'sass --watch sass/style.scss:css/style.css'.
21 error This is most likely a problem with the set package,
21 error not with npm itself.
21 error Tell the author that this fails on your system:
21 error     sass --watch sass/style.scss:css/style.css
21 error You can get their info via:
21 error     npm owner ls set
21 error There is likely additional logging output above.
22 verbose exit [ 1, true ]
